20250103-11:54:52.000000000 : Created session
20250103-11:54:52.000000000 : Connecting to 127.0.0.1 on port 3000 (Source :0)
20250103-11:54:52.000000000 : Initiated logon request
20250103-11:54:52.000000000 : Socket Error: Connection refused
20250103-11:54:52.000000000 : Disconnecting
20250104-16:01:31.929739000 : Created session
20250104-16:01:31.931014000 : Connecting to acceptor on port 3000 (Source :0)
20250104-16:01:31.959289000 : Initiated logon request
20250104-16:01:31.959339000 : Socket Error: Connection reset by peer.
20250104-16:01:31.959363000 : Disconnecting
20250104-16:02:10.340422000 : Created session
20250104-16:02:10.341516000 : Connecting to acceptor on port 3000 (Source :0)
20250104-16:02:10.350245000 : Initiated logon request
20250104-16:02:10.350312000 : Socket Error: Connection reset by peer.
20250104-16:02:10.350338000 : Disconnecting
20250104-16:02:45.842029000 : Created session
20250104-16:02:45.842649000 : Connecting to acceptor on port 3000 (Source :0)
20250104-16:02:45.850043000 : Initiated logon request
20250104-16:02:45.850103000 : Socket Error: Connection reset by peer.
20250104-16:02:45.850145000 : Disconnecting
20250104-16:03:32.428848000 : Created session
20250104-16:03:32.429813000 : Connecting to acceptor on port 3000 (Source :0)
20250104-16:03:32.437022000 : Initiated logon request
20250104-16:03:32.437074000 : Socket Error: Connection reset by peer.
20250104-16:03:32.437103000 : Disconnecting
20250104-16:04:32.070791000 : Connecting to acceptor on port 3000 (Source :0)
20250104-16:04:32.100106000 : Initiated logon request
20250104-16:04:32.100437000 : Socket Error: Connection reset by peer.
20250104-16:04:32.100497000 : Disconnecting
20250104-16:05:32.647521000 : Connecting to acceptor on port 3000 (Source :0)
20250104-16:05:32.682416000 : Initiated logon request
20250104-16:05:32.682756000 : Socket Error: Connection reset by peer.
20250104-16:05:32.682826000 : Disconnecting
20250104-16:06:32.360588000 : Connecting to acceptor on port 3000 (Source :0)
20250104-16:06:32.379910000 : Initiated logon request
20250104-16:06:32.380073000 : Socket Error: Connection reset by peer.
20250104-16:06:32.380102000 : Disconnecting
20250104-16:07:32.259937000 : Connecting to acceptor on port 3000 (Source :0)
20250104-16:07:32.315495000 : Initiated logon request
20250104-16:07:32.315744000 : Socket Error: Connection reset by peer.
20250104-16:07:32.315796000 : Disconnecting
20250104-16:08:32.545779000 : Connecting to acceptor on port 3000 (Source :0)
20250104-16:08:32.589020000 : Initiated logon request
20250104-16:08:32.589333000 : Socket Error: Connection reset by peer.
20250104-16:08:32.589377000 : Disconnecting
